2016-05-26 20:41:10.911 INFO [main][WebSpideServer.java:60] - WebSpideServer(force)
2016-05-26 20:41:11.107 INFO [Thread-2][CJobService4Server.java:68] - --- Server Running ---
2016-05-26 20:41:11.109 INFO [Thread-2][CJobService4Server.java:83] - --- Job Loading ---
2016-05-26 20:41:11.110 INFO [Thread-2][CJobService4Server.java:93] - Loading JobFile: E:\Homework\Ing\WebSpide\sjob\a.sjob
2016-05-26 20:41:11.150 INFO [Thread-2][CJobService4Server.java:97] -     Load Job: {"path":"E:\\Homework\\Ing\\WebSpide\\WebSpideEntry\\bin","job":"SecondHouse.Cbaixing","paras":["1","广东省 广州"],"url":"http://guangzhou.baixing.com/ershoufang/"}
2016-05-26 20:41:16.312 INFO [Thread-2][CJobService4Server.java:83] - --- Job Loading ---
2016-05-26 20:41:16.313 INFO [Thread-2][CJobService4Server.java:93] - Loading JobFile: E:\Homework\Ing\WebSpide\sjob\a.sjob
2016-05-26 20:41:16.315 INFO [Thread-2][CJobService4Server.java:97] -     Load Job: {"path":"E:\\Homework\\Ing\\WebSpide\\WebSpideEntry\\bin","job":"SecondHouse.Cbaixing","paras":["1","广东省 广州"],"url":"http://guangzhou.baixing.com/ershoufang/"}
2016-05-26 20:41:16.369 INFO [Thread-2][CJobService4Server.java:83] - --- Job Loading ---
2016-05-26 20:41:16.370 INFO [Thread-2][CJobService4Server.java:93] - Loading JobFile: E:\Homework\Ing\WebSpide\sjob\a.sjob
2016-05-26 20:41:16.372 INFO [Thread-2][CJobService4Server.java:97] -     Load Job: {"path":"E:\\Homework\\Ing\\WebSpide\\WebSpideEntry\\bin","job":"SecondHouse.Cbaixing","paras":["1","广东省 广州"],"url":"http://guangzhou.baixing.com/ershoufang/"}
2016-05-26 20:45:00.840 INFO [Thread-2][CJobService4Server.java:83] - --- Job Loading ---
2016-05-26 20:45:00.841 INFO [Thread-2][CJobService4Server.java:93] - Loading JobFile: E:\Homework\Ing\WebSpide\sjob\a.sjob
2016-05-26 20:45:00.842 INFO [Thread-2][CJobService4Server.java:97] -     Load Job: {"path":"E:\\Homework\\Ing\\WebSpide\\WebSpideEntry\\bin","job":"SecondHouse.Cbaixing","paras":["1","广东省 广州"],"url":"http://guangzhou.baixing.com/ershoufang/"}
2016-05-26 20:45:00.893 INFO [Thread-2][CJobService4Server.java:83] - --- Job Loading ---
2016-05-26 20:45:00.894 INFO [Thread-2][CJobService4Server.java:93] - Loading JobFile: E:\Homework\Ing\WebSpide\sjob\a.sjob
2016-05-26 20:45:00.894 INFO [Thread-2][CJobService4Server.java:97] -     Load Job: {"path":"E:\\Homework\\Ing\\WebSpide\\WebSpideEntry\\bin","job":"SecondHouse.Cbaixing","paras":["1","广东省 广州"],"url":"http://guangzhou.baixing.com/ershoufang/"}
2016-05-26 20:45:11.468 INFO [Thread-2][CJobService4Server.java:83] - --- Job Loading ---
2016-05-26 20:45:11.478 INFO [Thread-2][CJobService4Server.java:93] - Loading JobFile: E:\Homework\Ing\WebSpide\sjob\a.sjob
2016-05-26 20:45:11.480 INFO [Thread-2][CJobService4Server.java:97] -     Load Job: {"path":"E:\\Homework\\Ing\\WebSpide\\WebSpideEntry\\bin","job":"SecondHouse.Cbaixing","paras":["1","广东省 广州"],"url":"http://guangzhou.baixing.com/ershoufang/"}
2016-05-26 20:45:11.535 INFO [Thread-2][CJobService4Server.java:83] - --- Job Loading ---
2016-05-26 20:45:11.536 INFO [Thread-2][CJobService4Server.java:93] - Loading JobFile: E:\Homework\Ing\WebSpide\sjob\a.sjob
2016-05-26 20:45:11.537 INFO [Thread-2][CJobService4Server.java:97] -     Load Job: {"path":"E:\\Homework\\Ing\\WebSpide\\WebSpideEntry\\bin","job":"SecondHouse.Cbaixing","paras":["1","广东省 广州"],"url":"http://guangzhou.baixing.com/ershoufang/"}
2016-05-26 20:50:16.646 INFO [Thread-2][CJobService4Server.java:83] - --- Job Loading ---
2016-05-26 20:50:16.647 INFO [Thread-2][CJobService4Server.java:93] - Loading JobFile: E:\Homework\Ing\WebSpide\sjob\a.sjob
2016-05-26 20:50:16.648 INFO [Thread-2][CJobService4Server.java:97] -     Load Job: {"path":"E:\\Homework\\Ing\\WebSpide\\WebSpideEntry\\bin","job":"SecondHouse.Cbaixing","paras":["1","广东省 广州"],"url":"http://guangzhou.baixing.com/ershoufang/"}
2016-05-26 20:50:16.704 INFO [Thread-2][CJobService4Server.java:83] - --- Job Loading ---
2016-05-26 20:50:16.708 INFO [Thread-2][CJobService4Server.java:93] - Loading JobFile: E:\Homework\Ing\WebSpide\sjob\a.sjob
2016-05-26 20:50:16.710 INFO [Thread-2][CJobService4Server.java:97] -     Load Job: {"path":"E:\\Homework\\Ing\\WebSpide\\WebSpideEntry\\bin","job":"SecondHouse.Cbaixing","paras":["1","广东省 广州"],"url":"http://guangzhou.baixing.com/ershoufang/"}
2016-05-26 20:59:47.750 INFO [Thread-2][CJobService4Server.java:83] - --- Job Loading ---
2016-05-26 20:59:47.751 INFO [Thread-2][CJobService4Server.java:93] - Loading JobFile: E:\Homework\Ing\WebSpide\sjob\a.sjob
2016-05-26 20:59:47.752 INFO [Thread-2][CJobService4Server.java:97] -     Load Job: {"path":"E:\\Homework\\Ing\\WebSpide\\WebSpideEntry\\bin","job":"SecondHouse.Cbaixing","paras":["1","广东省 广州"],"url":"http://guangzhou.baixing.com/ershoufang/"}
2016-05-26 20:59:47.804 INFO [Thread-2][CJobService4Server.java:83] - --- Job Loading ---
2016-05-26 20:59:47.806 INFO [Thread-2][CJobService4Server.java:93] - Loading JobFile: E:\Homework\Ing\WebSpide\sjob\a.sjob
2016-05-26 20:59:47.807 INFO [Thread-2][CJobService4Server.java:97] -     Load Job: {"path":"E:\\Homework\\Ing\\WebSpide\\WebSpideEntry\\bin","job":"SecondHouse.Cbaixing","paras":["1","广东省 广州"],"url":"http://guangzhou.baixing.com/ershoufang/"}
2016-05-26 21:00:04.640 INFO [Thread-2][CJobService4Server.java:83] - --- Job Loading ---
2016-05-26 21:00:04.641 INFO [Thread-2][CJobService4Server.java:93] - Loading JobFile: E:\Homework\Ing\WebSpide\sjob\a.sjob
2016-05-26 21:00:04.642 INFO [Thread-2][CJobService4Server.java:97] -     Load Job: {"path":"E:\\Homework\\Ing\\WebSpide\\WebSpideEntry\\bin","job":"SecondHouse.Cbaixing","paras":["1","广东省 广州"],"url":"http://guangzhou.baixing.com/ershoufang/"}
2016-05-26 21:00:04.698 INFO [Thread-2][CJobService4Server.java:83] - --- Job Loading ---
2016-05-26 21:00:04.699 INFO [Thread-2][CJobService4Server.java:93] - Loading JobFile: E:\Homework\Ing\WebSpide\sjob\a.sjob
2016-05-26 21:00:04.700 INFO [Thread-2][CJobService4Server.java:97] -     Load Job: {"path":"E:\\Homework\\Ing\\WebSpide\\WebSpideEntry\\bin","job":"SecondHouse.Cbaixing","paras":["1","广东省 广州"],"url":"http://guangzhou.baixing.com/ershoufang/"}
2016-05-26 21:17:51.205 INFO [Thread-2][CJobService4Server.java:83] - --- Job Loading ---
2016-05-26 21:17:51.206 INFO [Thread-2][CJobService4Server.java:93] - Loading JobFile: E:\Homework\Ing\WebSpide\sjob\a.sjob
2016-05-26 21:17:51.207 INFO [Thread-2][CJobService4Server.java:97] -     Load Job: {"path":"E:\\Homework\\Ing\\WebSpide\\WebSpideEntry\\bin","job":"SecondHouse.Cbaixing","paras":["1","广东省 广州"],"url":"http://guangzhou.baixing.com/ershoufang/"}
2016-05-26 21:17:51.264 INFO [Thread-2][CJobService4Server.java:83] - --- Job Loading ---
2016-05-26 21:17:51.264 INFO [Thread-2][CJobService4Server.java:93] - Loading JobFile: E:\Homework\Ing\WebSpide\sjob\a.sjob
2016-05-26 21:17:51.264 INFO [Thread-2][CJobService4Server.java:97] -     Load Job: {"path":"E:\\Homework\\Ing\\WebSpide\\WebSpideEntry\\bin","job":"SecondHouse.Cbaixing","paras":["1","广东省 广州"],"url":"http://guangzhou.baixing.com/ershoufang/"}
2016-05-26 21:45:55.281 INFO [Thread-2][CJobService4Server.java:83] - --- Job Loading ---
2016-05-26 21:45:55.282 INFO [Thread-2][CJobService4Server.java:93] - Loading JobFile: E:\Homework\Ing\WebSpide\sjob\a.sjob
2016-05-26 21:45:55.283 INFO [Thread-2][CJobService4Server.java:97] -     Load Job: {"path":"E:\\Homework\\Ing\\WebSpide\\WebSpideEntry\\bin","job":"SecondHouse.Cbaixing","paras":["1","广东省 广州"],"url":"http://guangzhou.baixing.com/ershoufang/"}
2016-05-26 21:45:55.336 INFO [Thread-2][CJobService4Server.java:83] - --- Job Loading ---
2016-05-26 21:45:55.337 INFO [Thread-2][CJobService4Server.java:93] - Loading JobFile: E:\Homework\Ing\WebSpide\sjob\a.sjob
2016-05-26 21:45:55.338 INFO [Thread-2][CJobService4Server.java:97] -     Load Job: {"path":"E:\\Homework\\Ing\\WebSpide\\WebSpideEntry\\bin","job":"SecondHouse.Cbaixing","paras":["1","广东省 广州"],"url":"http://guangzhou.baixing.com/ershoufang/"}
2016-05-26 21:48:20.660 INFO [Thread-2][CJobService4Server.java:83] - --- Job Loading ---
2016-05-26 21:48:20.661 INFO [Thread-2][CJobService4Server.java:93] - Loading JobFile: E:\Homework\Ing\WebSpide\sjob\a.sjob
2016-05-26 21:48:20.662 INFO [Thread-2][CJobService4Server.java:97] -     Load Job: {"path":"E:\\Homework\\Ing\\WebSpide\\WebSpideEntry\\bin","job":"SecondHouse.Cbaixing","paras":["1","广东省 广州"],"url":"http://guangzhou.baixing.com/ershoufang/"}
2016-05-26 21:48:20.714 INFO [Thread-2][CJobService4Server.java:83] - --- Job Loading ---
2016-05-26 21:48:20.715 INFO [Thread-2][CJobService4Server.java:93] - Loading JobFile: E:\Homework\Ing\WebSpide\sjob\a.sjob
2016-05-26 21:48:20.718 INFO [Thread-2][CJobService4Server.java:97] -     Load Job: {"path":"E:\\Homework\\Ing\\WebSpide\\WebSpideEntry\\bin","job":"SecondHouse.Cbaixing","paras":["1","广东省 广州"],"url":"http://guangzhou.baixing.com/ershoufang/"}
2016-05-26 21:51:57.500 INFO [Thread-2][CJobService4Server.java:83] - --- Job Loading ---
2016-05-26 21:51:57.502 INFO [Thread-2][CJobService4Server.java:93] - Loading JobFile: E:\Homework\Ing\WebSpide\sjob\a.sjob
2016-05-26 21:51:57.503 INFO [Thread-2][CJobService4Server.java:97] -     Load Job: {"path":"E:\\Homework\\Ing\\WebSpide\\WebSpideEntry\\bin","job":"SecondHouse.Cbaixing","paras":["1","广东省 广州"],"url":"http://guangzhou.baixing.com/ershoufang/"}
2016-05-26 21:51:57.556 INFO [Thread-2][CJobService4Server.java:83] - --- Job Loading ---
2016-05-26 21:51:57.557 INFO [Thread-2][CJobService4Server.java:93] - Loading JobFile: E:\Homework\Ing\WebSpide\sjob\a.sjob
2016-05-26 21:51:57.558 INFO [Thread-2][CJobService4Server.java:97] -     Load Job: {"path":"E:\\Homework\\Ing\\WebSpide\\WebSpideEntry\\bin","job":"SecondHouse.Cbaixing","paras":["1","广东省 广州"],"url":"http://guangzhou.baixing.com/ershoufang/"}
2016-05-26 21:55:17.176 INFO [Thread-2][CJobService4Server.java:83] - --- Job Loading ---
2016-05-26 21:55:17.177 INFO [Thread-2][CJobService4Server.java:93] - Loading JobFile: E:\Homework\Ing\WebSpide\sjob\a.sjob
2016-05-26 21:55:17.178 INFO [Thread-2][CJobService4Server.java:97] -     Load Job: {"path":"E:\\Homework\\Ing\\WebSpide\\WebSpideEntry\\bin","job":"SecondHouse.Cbaixing","paras":["1","广东省 广州"],"url":"http://guangzhou.baixing.com/ershoufang/"}
2016-05-26 21:55:17.231 INFO [Thread-2][CJobService4Server.java:83] - --- Job Loading ---
2016-05-26 21:55:17.232 INFO [Thread-2][CJobService4Server.java:93] - Loading JobFile: E:\Homework\Ing\WebSpide\sjob\a.sjob
2016-05-26 21:55:17.236 INFO [Thread-2][CJobService4Server.java:97] -     Load Job: {"path":"E:\\Homework\\Ing\\WebSpide\\WebSpideEntry\\bin","job":"SecondHouse.Cbaixing","paras":["1","广东省 广州"],"url":"http://guangzhou.baixing.com/ershoufang/"}
2016-05-26 22:03:02.057 INFO [Thread-2][CJobService4Server.java:83] - --- Job Loading ---
2016-05-26 22:03:02.058 INFO [Thread-2][CJobService4Server.java:93] - Loading JobFile: E:\Homework\Ing\WebSpide\sjob\a.sjob
2016-05-26 22:03:02.059 INFO [Thread-2][CJobService4Server.java:97] -     Load Job: {"path":"E:\\Homework\\Ing\\WebSpide\\WebSpideEntry\\bin","job":"SecondHouse.Cbaixing","paras":["1","广东省 广州"],"url":"http://guangzhou.baixing.com/ershoufang/"}
2016-05-26 22:03:02.115 INFO [Thread-2][CJobService4Server.java:83] - --- Job Loading ---
2016-05-26 22:03:02.116 INFO [Thread-2][CJobService4Server.java:93] - Loading JobFile: E:\Homework\Ing\WebSpide\sjob\a.sjob
2016-05-26 22:03:02.117 INFO [Thread-2][CJobService4Server.java:97] -     Load Job: {"path":"E:\\Homework\\Ing\\WebSpide\\WebSpideEntry\\bin","job":"SecondHouse.Cbaixing","paras":["1","广东省 广州"],"url":"http://guangzhou.baixing.com/ershoufang/"}
2016-05-26 22:10:47.079 INFO [Thread-2][CJobService4Server.java:83] - --- Job Loading ---
2016-05-26 22:10:47.080 INFO [Thread-2][CJobService4Server.java:93] - Loading JobFile: E:\Homework\Ing\WebSpide\sjob\a.sjob
2016-05-26 22:10:47.081 INFO [Thread-2][CJobService4Server.java:97] -     Load Job: {"path":"E:\\Homework\\Ing\\WebSpide\\WebSpideEntry\\bin","job":"SecondHouse.Cbaixing","paras":["1","广东省 广州"],"url":"http://guangzhou.baixing.com/ershoufang/"}
2016-05-26 22:10:47.134 INFO [Thread-2][CJobService4Server.java:83] - --- Job Loading ---
2016-05-26 22:10:47.135 INFO [Thread-2][CJobService4Server.java:93] - Loading JobFile: E:\Homework\Ing\WebSpide\sjob\a.sjob
2016-05-26 22:10:47.136 INFO [Thread-2][CJobService4Server.java:97] -     Load Job: {"path":"E:\\Homework\\Ing\\WebSpide\\WebSpideEntry\\bin","job":"SecondHouse.Cbaixing","paras":["1","广东省 广州"],"url":"http://guangzhou.baixing.com/ershoufang/"}
2016-05-26 22:10:56.794 INFO [main][WebSpideServer.java:60] - WebSpideServer(force)
2016-05-26 22:10:56.852 INFO [Thread-2][CJobService4Server.java:68] - --- Server Running ---
2016-05-26 22:10:56.855 INFO [Thread-2][CJobService4Server.java:83] - --- Job Loading ---
2016-05-26 22:10:56.856 INFO [Thread-2][CJobService4Server.java:93] - Loading JobFile: E:\Homework\Ing\WebSpide\sjob\a.sjob
2016-05-26 22:10:56.894 INFO [Thread-2][CJobService4Server.java:97] -     Load Job: {"path":"E:\\Homework\\Ing\\WebSpide\\WebSpideEntry\\bin","job":"SecondHouse.Cbaixing","paras":["1","广东省 广州"],"url":"http://guangzhou.baixing.com/ershoufang/"}
2016-05-26 22:11:00.546 INFO [Thread-2][CJobService4Server.java:83] - --- Job Loading ---
2016-05-26 22:11:00.548 INFO [Thread-2][CJobService4Server.java:93] - Loading JobFile: E:\Homework\Ing\WebSpide\sjob\a.sjob
2016-05-26 22:11:00.549 INFO [Thread-2][CJobService4Server.java:97] -     Load Job: {"path":"E:\\Homework\\Ing\\WebSpide\\WebSpideEntry\\bin","job":"SecondHouse.Cbaixing","paras":["1","广东省 广州"],"url":"http://guangzhou.baixing.com/ershoufang/"}
2016-05-26 22:11:00.601 INFO [Thread-2][CJobService4Server.java:83] - --- Job Loading ---
2016-05-26 22:11:00.602 INFO [Thread-2][CJobService4Server.java:93] - Loading JobFile: E:\Homework\Ing\WebSpide\sjob\a.sjob
2016-05-26 22:11:00.603 INFO [Thread-2][CJobService4Server.java:97] -     Load Job: {"path":"E:\\Homework\\Ing\\WebSpide\\WebSpideEntry\\bin","job":"SecondHouse.Cbaixing","paras":["1","广东省 广州"],"url":"http://guangzhou.baixing.com/ershoufang/"}
2016-05-26 22:17:26.201 INFO [main][WebSpideServer.java:60] - WebSpideServer(force)
2016-05-26 22:17:26.291 INFO [Thread-2][CJobService4Server.java:68] - --- Server Running ---
2016-05-26 22:17:26.295 INFO [Thread-2][CJobService4Server.java:83] - --- Job Loading ---
2016-05-26 22:17:26.296 INFO [Thread-2][CJobService4Server.java:93] - Loading JobFile: E:\Homework\Ing\WebSpide\sjob\a.sjob
2016-05-26 22:17:26.347 INFO [Thread-2][CJobService4Server.java:97] -     Load Job: {"path":"E:\\Homework\\Ing\\WebSpide\\WebSpideEntry\\bin","job":"SecondHouse.Cbaixing","paras":["1","广东省 广州"],"url":"http://guangzhou.baixing.com/ershoufang/"}
2016-05-26 22:21:39.201 INFO [Thread-2][CJobService4Server.java:83] - --- Job Loading ---
2016-05-26 22:21:39.202 INFO [Thread-2][CJobService4Server.java:93] - Loading JobFile: E:\Homework\Ing\WebSpide\sjob\a.sjob
2016-05-26 22:21:39.203 INFO [Thread-2][CJobService4Server.java:97] -     Load Job: {"path":"E:\\Homework\\Ing\\WebSpide\\WebSpideEntry\\bin","job":"SecondHouse.Cbaixing","paras":["1","广东省 广州"],"url":"http://guangzhou.baixing.com/ershoufang/"}
2016-05-26 22:21:39.254 INFO [Thread-2][CJobService4Server.java:83] - --- Job Loading ---
2016-05-26 22:21:39.255 INFO [Thread-2][CJobService4Server.java:93] - Loading JobFile: E:\Homework\Ing\WebSpide\sjob\a.sjob
2016-05-26 22:21:39.256 INFO [Thread-2][CJobService4Server.java:97] -     Load Job: {"path":"E:\\Homework\\Ing\\WebSpide\\WebSpideEntry\\bin","job":"SecondHouse.Cbaixing","paras":["1","广东省 广州"],"url":"http://guangzhou.baixing.com/ershoufang/"}
2016-05-26 22:23:38.536 INFO [Thread-2][CJobService4Server.java:83] - --- Job Loading ---
2016-05-26 22:23:38.537 INFO [Thread-2][CJobService4Server.java:93] - Loading JobFile: E:\Homework\Ing\WebSpide\sjob\a.sjob
2016-05-26 22:23:38.538 INFO [Thread-2][CJobService4Server.java:97] -     Load Job: {"path":"E:\\Homework\\Ing\\WebSpide\\WebSpideEntry\\bin","job":"SecondHouse.Cbaixing","paras":["1","广东省 广州"],"url":"http://guangzhou.baixing.com/ershoufang/"}
2016-05-26 22:23:38.589 INFO [Thread-2][CJobService4Server.java:83] - --- Job Loading ---
2016-05-26 22:23:38.590 INFO [Thread-2][CJobService4Server.java:93] - Loading JobFile: E:\Homework\Ing\WebSpide\sjob\a.sjob
2016-05-26 22:23:38.591 INFO [Thread-2][CJobService4Server.java:97] -     Load Job: {"path":"E:\\Homework\\Ing\\WebSpide\\WebSpideEntry\\bin","job":"SecondHouse.Cbaixing","paras":["1","广东省 广州"],"url":"http://guangzhou.baixing.com/ershoufang/"}
2016-05-26 22:50:52.820 INFO [Thread-2][CJobService4Server.java:83] - --- Job Loading ---
2016-05-26 22:50:52.821 INFO [Thread-2][CJobService4Server.java:93] - Loading JobFile: E:\Homework\Ing\WebSpide\sjob\a.sjob
2016-05-26 22:50:52.824 INFO [Thread-2][CJobService4Server.java:97] -     Load Job: {"path":"E:\\Homework\\Ing\\WebSpide\\WebSpideEntry\\bin","job":"SecondHouse.Cbaixing","paras":["1","广东省 广州"],"url":"http://guangzhou.baixing.com/ershoufang/"}
2016-05-26 22:50:52.878 INFO [Thread-2][CJobService4Server.java:83] - --- Job Loading ---
2016-05-26 22:50:52.881 INFO [Thread-2][CJobService4Server.java:93] - Loading JobFile: E:\Homework\Ing\WebSpide\sjob\a.sjob
2016-05-26 22:50:52.882 INFO [Thread-2][CJobService4Server.java:97] -     Load Job: {"path":"E:\\Homework\\Ing\\WebSpide\\WebSpideEntry\\bin","job":"SecondHouse.Cbaixing","paras":["1","广东省 广州"],"url":"http://guangzhou.baixing.com/ershoufang/"}
2016-05-26 22:51:40.574 INFO [main][WebSpideServer.java:60] - WebSpideServer(force)
2016-05-26 22:51:40.634 INFO [Thread-2][CJobService4Server.java:68] - --- Server Running ---
2016-05-26 22:51:40.636 INFO [Thread-2][CJobService4Server.java:83] - --- Job Loading ---
2016-05-26 22:51:40.637 INFO [Thread-2][CJobService4Server.java:93] - Loading JobFile: E:\Homework\Ing\WebSpide\sjob\a.sjob
2016-05-26 22:51:40.674 INFO [Thread-2][CJobService4Server.java:97] -     Load Job: {"path":"E:\\Homework\\Ing\\WebSpide\\WebSpideEntry\\bin","job":"SecondHouse.Cbaixing","paras":["1","广东省 广州"],"url":"http://guangzhou.baixing.com/ershoufang/"}
2016-05-26 22:51:46.150 INFO [Thread-2][CJobService4Server.java:83] - --- Job Loading ---
2016-05-26 22:51:46.151 INFO [Thread-2][CJobService4Server.java:93] - Loading JobFile: E:\Homework\Ing\WebSpide\sjob\a.sjob
2016-05-26 22:51:46.153 INFO [Thread-2][CJobService4Server.java:97] -     Load Job: {"path":"E:\\Homework\\Ing\\WebSpide\\WebSpideEntry\\bin","job":"SecondHouse.Cbaixing","paras":["1","广东省 广州"],"url":"http://guangzhou.baixing.com/ershoufang/"}
2016-05-26 22:51:46.206 INFO [Thread-2][CJobService4Server.java:83] - --- Job Loading ---
2016-05-26 22:51:46.206 INFO [Thread-2][CJobService4Server.java:93] - Loading JobFile: E:\Homework\Ing\WebSpide\sjob\a.sjob
2016-05-26 22:51:46.208 INFO [Thread-2][CJobService4Server.java:97] -     Load Job: {"path":"E:\\Homework\\Ing\\WebSpide\\WebSpideEntry\\bin","job":"SecondHouse.Cbaixing","paras":["1","广东省 广州"],"url":"http://guangzhou.baixing.com/ershoufang/"}
2016-05-26 23:04:34.758 INFO [Thread-2][CJobService4Server.java:83] - --- Job Loading ---
2016-05-26 23:04:34.759 INFO [Thread-2][CJobService4Server.java:93] - Loading JobFile: E:\Homework\Ing\WebSpide\sjob\a.sjob
2016-05-26 23:04:34.760 INFO [Thread-2][CJobService4Server.java:97] -     Load Job: {"path":"E:\\Homework\\Ing\\WebSpide\\WebSpideEntry\\bin","job":"SecondHouse.Cbaixing","paras":["1","广东省 广州"],"url":"http://guangzhou.baixing.com/ershoufang/"}
2016-05-26 23:04:34.813 INFO [Thread-2][CJobService4Server.java:83] - --- Job Loading ---
2016-05-26 23:04:34.814 INFO [Thread-2][CJobService4Server.java:93] - Loading JobFile: E:\Homework\Ing\WebSpide\sjob\a.sjob
2016-05-26 23:04:34.815 INFO [Thread-2][CJobService4Server.java:97] -     Load Job: {"path":"E:\\Homework\\Ing\\WebSpide\\WebSpideEntry\\bin","job":"SecondHouse.Cbaixing","paras":["1","广东省 广州"],"url":"http://guangzhou.baixing.com/ershoufang/"}
2016-05-26 23:10:17.633 INFO [Thread-2][CJobService4Server.java:83] - --- Job Loading ---
2016-05-26 23:10:17.634 INFO [Thread-2][CJobService4Server.java:93] - Loading JobFile: E:\Homework\Ing\WebSpide\sjob\a.sjob
2016-05-26 23:10:17.635 INFO [Thread-2][CJobService4Server.java:97] -     Load Job: {"path":"E:\\Homework\\Ing\\WebSpide\\WebSpideEntry\\bin","job":"SecondHouse.Cbaixing","paras":["1","广东省 广州"],"url":"http://guangzhou.baixing.com/ershoufang/"}
2016-05-26 23:10:17.700 INFO [Thread-2][CJobService4Server.java:83] - --- Job Loading ---
2016-05-26 23:10:17.703 INFO [Thread-2][CJobService4Server.java:93] - Loading JobFile: E:\Homework\Ing\WebSpide\sjob\a.sjob
2016-05-26 23:10:17.707 INFO [Thread-2][CJobService4Server.java:97] -     Load Job: {"path":"E:\\Homework\\Ing\\WebSpide\\WebSpideEntry\\bin","job":"SecondHouse.Cbaixing","paras":["1","广东省 广州"],"url":"http://guangzhou.baixing.com/ershoufang/"}
2016-05-26 23:15:25.244 INFO [Thread-2][CJobService4Server.java:83] - --- Job Loading ---
2016-05-26 23:15:25.245 INFO [Thread-2][CJobService4Server.java:93] - Loading JobFile: E:\Homework\Ing\WebSpide\sjob\a.sjob
2016-05-26 23:15:25.246 INFO [Thread-2][CJobService4Server.java:97] -     Load Job: {"path":"E:\\Homework\\Ing\\WebSpide\\WebSpideEntry\\bin","job":"SecondHouse.Cbaixing","paras":["1","广东省 广州"],"url":"http://guangzhou.baixing.com/ershoufang/"}
2016-05-26 23:15:25.302 INFO [Thread-2][CJobService4Server.java:83] - --- Job Loading ---
2016-05-26 23:15:25.305 INFO [Thread-2][CJobService4Server.java:93] - Loading JobFile: E:\Homework\Ing\WebSpide\sjob\a.sjob
2016-05-26 23:15:25.344 INFO [Thread-2][CJobService4Server.java:97] -     Load Job: {"path":"E:\\Homework\\Ing\\WebSpide\\WebSpideEntry\\bin","job":"SecondHouse.Cbaixing","paras":["1","广东省 广州"],"url":"http://guangzhou.baixing.com/ershoufang/"}
2016-05-26 23:20:30.002 INFO [Thread-2][CJobService4Server.java:83] - --- Job Loading ---
2016-05-26 23:20:30.003 INFO [Thread-2][CJobService4Server.java:93] - Loading JobFile: E:\Homework\Ing\WebSpide\sjob\a.sjob
2016-05-26 23:20:30.004 INFO [Thread-2][CJobService4Server.java:97] -     Load Job: {"path":"E:\\Homework\\Ing\\WebSpide\\WebSpideEntry\\bin","job":"SecondHouse.Cbaixing","paras":["1","广东省 广州"],"url":"http://guangzhou.baixing.com/ershoufang/"}
2016-05-26 23:20:30.056 INFO [Thread-2][CJobService4Server.java:83] - --- Job Loading ---
2016-05-26 23:20:30.059 INFO [Thread-2][CJobService4Server.java:93] - Loading JobFile: E:\Homework\Ing\WebSpide\sjob\a.sjob
2016-05-26 23:20:30.060 INFO [Thread-2][CJobService4Server.java:97] -     Load Job: {"path":"E:\\Homework\\Ing\\WebSpide\\WebSpideEntry\\bin","job":"SecondHouse.Cbaixing","paras":["1","广东省 广州"],"url":"http://guangzhou.baixing.com/ershoufang/"}
2016-05-26 23:21:48.050 INFO [Thread-2][CJobService4Server.java:83] - --- Job Loading ---
2016-05-26 23:21:48.051 INFO [Thread-2][CJobService4Server.java:93] - Loading JobFile: E:\Homework\Ing\WebSpide\sjob\a.sjob
2016-05-26 23:21:48.052 INFO [Thread-2][CJobService4Server.java:97] -     Load Job: {"path":"E:\\Homework\\Ing\\WebSpide\\WebSpideEntry\\bin","job":"SecondHouse.Cbaixing","paras":["1","广东省 广州"],"url":"http://guangzhou.baixing.com/ershoufang/"}
2016-05-26 23:21:48.105 INFO [Thread-2][CJobService4Server.java:83] - --- Job Loading ---
2016-05-26 23:21:48.113 INFO [Thread-2][CJobService4Server.java:93] - Loading JobFile: E:\Homework\Ing\WebSpide\sjob\a.sjob
2016-05-26 23:21:48.115 INFO [Thread-2][CJobService4Server.java:97] -     Load Job: {"path":"E:\\Homework\\Ing\\WebSpide\\WebSpideEntry\\bin","job":"SecondHouse.Cbaixing","paras":["1","广东省 广州"],"url":"http://guangzhou.baixing.com/ershoufang/"}
2016-05-26 23:29:24.654 INFO [Thread-2][CJobService4Server.java:83] - --- Job Loading ---
2016-05-26 23:29:24.655 INFO [Thread-2][CJobService4Server.java:93] - Loading JobFile: E:\Homework\Ing\WebSpide\sjob\a.sjob
2016-05-26 23:29:24.656 INFO [Thread-2][CJobService4Server.java:97] -     Load Job: {"path":"E:\\Homework\\Ing\\WebSpide\\WebSpideEntry\\bin","job":"SecondHouse.Cbaixing","paras":["1","广东省 广州"],"url":"http://guangzhou.baixing.com/ershoufang/"}
2016-05-26 23:29:24.712 INFO [Thread-2][CJobService4Server.java:83] - --- Job Loading ---
2016-05-26 23:29:24.714 INFO [Thread-2][CJobService4Server.java:93] - Loading JobFile: E:\Homework\Ing\WebSpide\sjob\a.sjob
2016-05-26 23:29:24.718 INFO [Thread-2][CJobService4Server.java:97] -     Load Job: {"path":"E:\\Homework\\Ing\\WebSpide\\WebSpideEntry\\bin","job":"SecondHouse.Cbaixing","paras":["1","广东省 广州"],"url":"http://guangzhou.baixing.com/ershoufang/"}
2016-05-26 23:32:00.088 INFO [Thread-2][CJobService4Server.java:83] - --- Job Loading ---
2016-05-26 23:32:00.089 INFO [Thread-2][CJobService4Server.java:93] - Loading JobFile: E:\Homework\Ing\WebSpide\sjob\a.sjob
2016-05-26 23:32:00.093 INFO [Thread-2][CJobService4Server.java:97] -     Load Job: {"path":"E:\\Homework\\Ing\\WebSpide\\WebSpideEntry\\bin","job":"SecondHouse.Cbaixing","paras":["1","广东省 广州"],"url":"http://guangzhou.baixing.com/ershoufang/"}
2016-05-26 23:32:00.146 INFO [Thread-2][CJobService4Server.java:83] - --- Job Loading ---
2016-05-26 23:32:00.149 INFO [Thread-2][CJobService4Server.java:93] - Loading JobFile: E:\Homework\Ing\WebSpide\sjob\a.sjob
2016-05-26 23:32:00.152 INFO [Thread-2][CJobService4Server.java:97] -     Load Job: {"path":"E:\\Homework\\Ing\\WebSpide\\WebSpideEntry\\bin","job":"SecondHouse.Cbaixing","paras":["1","广东省 广州"],"url":"http://guangzhou.baixing.com/ershoufang/"}
